0 info it worked if it ends with ok
1 verbose cli [ 'C:\\Program Files (x86)\\nodejs\\node.exe',
1 verbose cli   'C:\\Users\\Rajith\\AppData\\Roaming\\npm\\node_modules\\npm\\bin\\npm-cli.js',
1 verbose cli   'install' ]
2 info using npm@3.10.8
3 info using node@v4.6.0
4 verbose config Skipping project config: C:\Users\Rajith/.npmrc. (matches userconfig)
5 silly loadCurrentTree Starting
6 silly install loadCurrentTree
7 silly install readLocalPackageData
8 silly rollbackFailedOptional Starting
9 silly rollbackFailedOptional Finishing
10 silly runTopLevelLifecycles Finishing
11 silly install printInstalled
12 verbose stack Error: Failed to parse json
12 verbose stack No data, empty input at 1:1
12 verbose stack
12 verbose stack ^
12 verbose stack     at parseError (C:\Users\Rajith\AppData\Roaming\npm\node_modules\npm\node_modules\read-package-json\read-json.js:390:11)
12 verbose stack     at parseJson (C:\Users\Rajith\AppData\Roaming\npm\node_modules\npm\node_modules\read-package-json\read-json.js:79:23)
12 verbose stack     at C:\Users\Rajith\AppData\Roaming\npm\node_modules\npm\node_modules\read-package-json\read-json.js:48:5
12 verbose stack     at C:\Users\Rajith\AppData\Roaming\npm\node_modules\npm\node_modules\graceful-fs\graceful-fs.js:78:16
12 verbose stack     at FSReqWrap.readFileAfterClose [as oncomplete] (fs.js:380:3)
13 verbose cwd C:\Users\Rajith\Documents\GitHub\PL8
14 error Windows_NT 10.0.14393
15 error argv "C:\\Program Files (x86)\\nodejs\\node.exe" "C:\\Users\\Rajith\\AppData\\Roaming\\npm\\node_modules\\npm\\bin\\npm-cli.js" "install"
16 error node v4.6.0
17 error npm  v3.10.8
18 error file C:\Users\Rajith\package.json
19 error code EJSONPARSE
20 error Failed to parse json
20 error No data, empty input at 1:1
20 error
20 error ^
21 error File: C:\Users\Rajith\package.json
22 error Failed to parse package.json data.
22 error package.json must be actual JSON, not just JavaScript.
22 error
22 error This is not a bug in npm.
22 error Tell the package author to fix their package.json file. JSON.parse
23 verbose exit [ 1, true ]
